<?xml version="1.0" encoding="UTF-8"?>
<testsuite xmlns:xsi="http://www.w3.org/2001/XMLSchema-instance" xsi:schemaLocation="https://maven.apache.org/surefire/maven-surefire-plugin/xsd/surefire-test-report.xsd" name="TestSuite" time="51.957" tests="3" errors="0" skipped="0" failures="0">
  <properties>
    <property name="java.runtime.name" value="Java(TM) SE Runtime Environment"/>
    <property name="sun.boot.library.path" value="C:\jba\jdk-8u111\jre\bin"/>
    <property name="java.vm.version" value="25.111-b14"/>
    <property name="java.vm.vendor" value="Oracle Corporation"/>
    <property name="maven.multiModuleProjectDirectory" value="C:\jba\workspaces\rms_ntp\IVLM\test.automation"/>
    <property name="java.vendor.url" value="http://java.oracle.com/"/>
    <property name="path.separator" value=";"/>
    <property name="guice.disable.misplaced.annotation.check" value="true"/>
    <property name="java.vm.name" value="Java HotSpot(TM) Client VM"/>
    <property name="file.encoding.pkg" value="sun.io"/>
    <property name="user.script" value=""/>
    <property name="user.country" value="US"/>
    <property name="sun.java.launcher" value="SUN_STANDARD"/>
    <property name="sun.os.patch.level" value=""/>
    <property name="java.vm.specification.name" value="Java Virtual Machine Specification"/>
    <property name="user.dir" value="C:\jba\workspaces\rms_ntp\IVLM\test.automation"/>
    <property name="java.runtime.version" value="1.8.0_111-b14"/>
    <property name="java.awt.graphicsenv" value="sun.awt.Win32GraphicsEnvironment"/>
    <property name="java.endorsed.dirs" value="C:\jba\jdk-8u111\jre\lib\endorsed"/>
    <property name="os.arch" value="x86"/>
    <property name="java.io.tmpdir" value="C:\Users\JOEMC~1.PED\AppData\Local\Temp\"/>
    <property name="line.separator" value="&#10;"/>
    <property name="java.vm.specification.vendor" value="Oracle Corporation"/>
    <property name="user.variant" value=""/>
    <property name="os.name" value="Windows 10"/>
    <property name="classworlds.conf" value="C:\jba\workspaces\rms_ntp\.metadata\.plugins\org.eclipse.m2e.launching\launches\m2conf7351537864333046862.tmp"/>
    <property name="sun.jnu.encoding" value="Cp1252"/>
    <property name="java.library.path" value="C:\jba\jdk-8u111\bin;C:\windows\Sun\Java\bin;C:\windows\system32;C:\windows;C:\jba\jdk-8u111\bin;C:\eclipse_jba\apache-maven-3.3.9\bin;C:\eclipse_jba\tools\sonarqube-scanner-2.8\bin;C:\jba\jdk-8u111\bin;C:\jba\apache-maven-3.3.9\bin;C:\jba\tools\sonarqube-scanner-2.8\bin;C:\ProgramData\Oracle\Java\javapath;C:\windows\system32;C:\windows;C:\windows\System32\Wbem;C:\windows\System32\WindowsPowerShell\v1.0\;C:\Users\joe.m.c.pedrajas\AppData\Local\Microsoft\WindowsApps;C:\Program Files (x86)\Symantec\VIP Access Client\;C:\Users\joe.m.c.pedrajas\AppData\Local\Microsoft\WindowsApps;;."/>
    <property name="java.specification.name" value="Java Platform API Specification"/>
    <property name="java.class.version" value="52.0"/>
    <property name="sun.management.compiler" value="HotSpot Client Compiler"/>
    <property name="os.version" value="10.0"/>
    <property name="user.home" value="C:\Users\joe.m.c.pedrajas"/>
    <property name="user.timezone" value="Asia/Shanghai"/>
    <property name="java.awt.printerjob" value="sun.awt.windows.WPrinterJob"/>
    <property name="java.specification.version" value="1.8"/>
    <property name="file.encoding" value="Cp1252"/>
    <property name="user.name" value="joe.m.c.pedrajas"/>
    <property name="java.class.path" value="/C:/jba/eclipse-4.5.2/plugins/org.eclipse.m2e.maven.runtime_1.7.0.20160603-1931/jars/plexus-classworlds-2.5.2.jar"/>
    <property name="java.vm.specification.version" value="1.8"/>
    <property name="sun.arch.data.model" value="32"/>
    <property name="java.home" value="C:\jba\jdk-8u111\jre"/>
    <property name="sun.java.command" value="org.codehaus.plexus.classworlds.launcher.Launcher -B install"/>
    <property name="java.specification.vendor" value="Oracle Corporation"/>
    <property name="user.language" value="en"/>
    <property name="awt.toolkit" value="sun.awt.windows.WToolkit"/>
    <property name="java.vm.info" value="mixed mode"/>
    <property name="java.version" value="1.8.0_111"/>
    <property name="java.ext.dirs" value="C:\jba\jdk-8u111\jre\lib\ext;C:\windows\Sun\Java\lib\ext"/>
    <property name="sun.boot.class.path" value="C:\jba\jdk-8u111\jre\lib\resources.jar;C:\jba\jdk-8u111\jre\lib\rt.jar;C:\jba\jdk-8u111\jre\lib\sunrsasign.jar;C:\jba\jdk-8u111\jre\lib\jsse.jar;C:\jba\jdk-8u111\jre\lib\jce.jar;C:\jba\jdk-8u111\jre\lib\charsets.jar;C:\jba\jdk-8u111\jre\lib\jfr.jar;C:\jba\jdk-8u111\jre\classes"/>
    <property name="java.vendor" value="Oracle Corporation"/>
    <property name="maven.home" value="C:\jba\workspaces\rms_ntp\IVLM\test.automation\EMBEDDED"/>
    <property name="file.separator" value="\"/>
    <property name="java.vendor.url.bug" value="http://bugreport.sun.com/bugreport/"/>
    <property name="sun.cpu.endian" value="little"/>
    <property name="sun.io.unicode.encoding" value="UnicodeLittle"/>
    <property name="sun.desktop" value="windows"/>
    <property name="sun.cpu.isalist" value="pentium_pro+mmx pentium_pro pentium+mmx pentium i486 i386 i86"/>
  </properties>
  <testcase name="POC_JOBSTREET_HOMEPAGE_1_001_001" classname="com.test.poc.jobstreetSIT.HomePageTest" time="0.025"/>
  <testcase name="POC_JOBSTREET_HOMEPAGE_1_001_002" classname="com.test.poc.jobstreetSIT.HomePageTest" time="0.067"/>
  <testcase name="POC_JOBSTREET_HOMEPAGE_1_001_003" classname="com.test.poc.jobstreetSIT.HomePageTest" time="0.071"/>
</testsuite>