<?xml version="1.0" encoding="UTF-8"?>
<!-- Generated by org.testng.reporters.JUnitReportReporter -->
<testsuite hostname="SUEC-73103T7-LX" name="com.test.poc.jobstreetSIT.HomePageTest" tests="3" failures="0" timestamp="22 Mar 2018 07:44:03 GMT" time="2.790" errors="0">
  <testcase name="POC_JOBSTREET_HOMEPAGE_1_001_002" time="1.047" classname="com.test.poc.jobstreetSIT.HomePageTest"/>
  <testcase name="POC_JOBSTREET_HOMEPAGE_1_001_003" time="0.892" classname="com.test.poc.jobstreetSIT.HomePageTest"/>
  <testcase name="POC_JOBSTREET_HOMEPAGE_1_001_001" time="0.851" classname="com.test.poc.jobstreetSIT.HomePageTest"/>
</testsuite> <!-- com.test.poc.jobstreetSIT.HomePageTest -->
